<?xml version="1.0" encoding="UTF-8"?>
<!-- Generated by org.testng.reporters.JUnitReportReporter -->
<testsuite hostname="user-PC" name="GithubPackage.Update" tests="1" failures="0" timestamp="27 Sep 2022 10:36:16 GMT" time="0.028" errors="0">
  <testcase name="update" time="0.028" classname="GithubPackage.Update"/>
</testsuite> <!-- GithubPackage.Update -->
